<?xml version="1.0" encoding="UTF-8"?>
<testsuite xmlns:xsi="http://www.w3.org/2001/XMLSchema-instance" xsi:noNamespaceSchemaLocation="https://maven.apache.org/surefire/maven-surefire-plugin/xsd/surefire-test-report.xsd" name="it.polimi.ingsw.Server.Model.Decorator.PowerfullMove.SwapTest" time="0" tests="2" errors="2" skipped="0" failures="0">
  <properties>
    <property name="java.specification.version" value="13"/>
    <property name="sun.jnu.encoding" value="UTF-8"/>
    <property name="java.class.path" value="/Applications/IntelliJ IDEA.app/Contents/bin/ing-sw-2020-Bosia-Bertinotti-Bonafin/target/test-classes:/Applications/IntelliJ IDEA.app/Contents/bin/ing-sw-2020-Bosia-Bertinotti-Bonafin/target/classes:/Users/andreabosia/.m2/repository/org/junit/jupiter/junit-jupiter-api/5.3.1/junit-jupiter-api-5.3.1.jar:/Users/andreabosia/.m2/repository/org/apiguardian/apiguardian-api/1.0.0/apiguardian-api-1.0.0.jar:/Users/andreabosia/.m2/repository/org/opentest4j/opentest4j/1.1.1/opentest4j-1.1.1.jar:/Users/andreabosia/.m2/repository/org/junit/platform/junit-platform-commons/1.3.1/junit-platform-commons-1.3.1.jar:/Users/andreabosia/.m2/repository/org/junit/jupiter/junit-jupiter-engine/5.3.1/junit-jupiter-engine-5.3.1.jar:/Users/andreabosia/.m2/repository/org/junit/platform/junit-platform-engine/1.3.1/junit-platform-engine-1.3.1.jar:/Users/andreabosia/.m2/repository/org/json/json/20190722/json-20190722.jar:/Users/andreabosia/.m2/repository/com/opencsv/opencsv/3.8/opencsv-3.8.jar:/Users/andreabosia/.m2/repository/org/apache/commons/commons-lang3/3.4/commons-lang3-3.4.jar:/Users/andreabosia/.m2/repository/commons-beanutils/commons-beanutils/1.9.2/commons-beanutils-1.9.2.jar:/Users/andreabosia/.m2/repository/commons-logging/commons-logging/1.1.1/commons-logging-1.1.1.jar:/Users/andreabosia/.m2/repository/commons-collections/commons-collections/3.2.1/commons-collections-3.2.1.jar:/Users/andreabosia/.m2/repository/org/openjfx/javafx-controls/11.0.2/javafx-controls-11.0.2.jar:/Users/andreabosia/.m2/repository/org/openjfx/javafx-controls/11.0.2/javafx-controls-11.0.2-mac.jar:/Users/andreabosia/.m2/repository/org/openjfx/javafx-graphics/11.0.2/javafx-graphics-11.0.2.jar:/Users/andreabosia/.m2/repository/org/openjfx/javafx-graphics/11.0.2/javafx-graphics-11.0.2-mac.jar:/Users/andreabosia/.m2/repository/org/openjfx/javafx-base/11.0.2/javafx-base-11.0.2.jar:/Users/andreabosia/.m2/repository/org/openjfx/javafx-base/11.0.2/javafx-base-11.0.2-mac.jar:"/>
    <property name="java.vm.vendor" value="Oracle Corporation"/>
    <property name="sun.arch.data.model" value="64"/>
    <property name="java.vendor.url" value="https://java.oracle.com/"/>
    <property name="os.name" value="Mac OS X"/>
    <property name="java.vm.specification.version" value="13"/>
    <property name="sun.java.launcher" value="SUN_STANDARD"/>
    <property name="user.country" value="IT"/>
    <property name="sun.boot.library.path" value="/Library/Java/JavaVirtualMachines/jdk-13.jdk/Contents/Home/lib"/>
    <property name="sun.java.command" value="/Applications/IntelliJ IDEA.app/Contents/bin/ing-sw-2020-Bosia-Bertinotti-Bonafin/target/surefire/surefirebooter7651741185802557925.jar /Applications/IntelliJ IDEA.app/Contents/bin/ing-sw-2020-Bosia-Bertinotti-Bonafin/target/surefire 2020-05-24T10-09-05_165-jvmRun1 surefire8734868705553010637tmp surefire_04144063156898558914tmp"/>
    <property name="jdk.debug" value="release"/>
    <property name="surefire.test.class.path" value="/Applications/IntelliJ IDEA.app/Contents/bin/ing-sw-2020-Bosia-Bertinotti-Bonafin/target/test-classes:/Applications/IntelliJ IDEA.app/Contents/bin/ing-sw-2020-Bosia-Bertinotti-Bonafin/target/classes:/Users/andreabosia/.m2/repository/org/junit/jupiter/junit-jupiter-api/5.3.1/junit-jupiter-api-5.3.1.jar:/Users/andreabosia/.m2/repository/org/apiguardian/apiguardian-api/1.0.0/apiguardian-api-1.0.0.jar:/Users/andreabosia/.m2/repository/org/opentest4j/opentest4j/1.1.1/opentest4j-1.1.1.jar:/Users/andreabosia/.m2/repository/org/junit/platform/junit-platform-commons/1.3.1/junit-platform-commons-1.3.1.jar:/Users/andreabosia/.m2/repository/org/junit/jupiter/junit-jupiter-engine/5.3.1/junit-jupiter-engine-5.3.1.jar:/Users/andreabosia/.m2/repository/org/junit/platform/junit-platform-engine/1.3.1/junit-platform-engine-1.3.1.jar:/Users/andreabosia/.m2/repository/org/json/json/20190722/json-20190722.jar:/Users/andreabosia/.m2/repository/com/opencsv/opencsv/3.8/opencsv-3.8.jar:/Users/andreabosia/.m2/repository/org/apache/commons/commons-lang3/3.4/commons-lang3-3.4.jar:/Users/andreabosia/.m2/repository/commons-beanutils/commons-beanutils/1.9.2/commons-beanutils-1.9.2.jar:/Users/andreabosia/.m2/repository/commons-logging/commons-logging/1.1.1/commons-logging-1.1.1.jar:/Users/andreabosia/.m2/repository/commons-collections/commons-collections/3.2.1/commons-collections-3.2.1.jar:/Users/andreabosia/.m2/repository/org/openjfx/javafx-controls/11.0.2/javafx-controls-11.0.2.jar:/Users/andreabosia/.m2/repository/org/openjfx/javafx-controls/11.0.2/javafx-controls-11.0.2-mac.jar:/Users/andreabosia/.m2/repository/org/openjfx/javafx-graphics/11.0.2/javafx-graphics-11.0.2.jar:/Users/andreabosia/.m2/repository/org/openjfx/javafx-graphics/11.0.2/javafx-graphics-11.0.2-mac.jar:/Users/andreabosia/.m2/repository/org/openjfx/javafx-base/11.0.2/javafx-base-11.0.2.jar:/Users/andreabosia/.m2/repository/org/openjfx/javafx-base/11.0.2/javafx-base-11.0.2-mac.jar:"/>
    <property name="sun.cpu.endian" value="little"/>
    <property name="user.home" value="/Users/andreabosia"/>
    <property name="user.language" value="it"/>
    <property name="java.specification.vendor" value="Oracle Corporation"/>
    <property name="java.version.date" value="2019-09-17"/>
    <property name="java.home" value="/Library/Java/JavaVirtualMachines/jdk-13.jdk/Contents/Home"/>
    <property name="file.separator" value="/"/>
    <property name="basedir" value="/Applications/IntelliJ IDEA.app/Contents/bin/ing-sw-2020-Bosia-Bertinotti-Bonafin"/>
    <property name="java.vm.compressedOopsMode" value="Zero based"/>
    <property name="line.separator" value="&#10;"/>
    <property name="java.vm.specification.vendor" value="Oracle Corporation"/>
    <property name="java.specification.name" value="Java Platform API Specification"/>
    <property name="surefire.real.class.path" value="/Applications/IntelliJ IDEA.app/Contents/bin/ing-sw-2020-Bosia-Bertinotti-Bonafin/target/surefire/surefirebooter7651741185802557925.jar"/>
    <property name="sun.management.compiler" value="HotSpot 64-Bit Tiered Compilers"/>
    <property name="java.runtime.version" value="13+33"/>
    <property name="user.name" value="andreabosia"/>
    <property name="path.separator" value=":"/>
    <property name="os.version" value="10.15.4"/>
    <property name="java.runtime.name" value="Java(TM) SE Runtime Environment"/>
    <property name="file.encoding" value="UTF-8"/>
    <property name="java.vm.name" value="Java HotSpot(TM) 64-Bit Server VM"/>
    <property name="localRepository" value="/Users/andreabosia/.m2/repository"/>
    <property name="java.vendor.url.bug" value="https://bugreport.java.com/bugreport/"/>
    <property name="java.io.tmpdir" value="/var/folders/ql/3sg61krn6w5bh94_vk7075dc0000gn/T/"/>
    <property name="java.version" value="13"/>
    <property name="user.dir" value="/Applications/IntelliJ IDEA.app/Contents/bin/ing-sw-2020-Bosia-Bertinotti-Bonafin"/>
    <property name="os.arch" value="x86_64"/>
    <property name="java.vm.specification.name" value="Java Virtual Machine Specification"/>
    <property name="idea.version2019.3.3" value="true"/>
    <property name="java.library.path" value="/Users/andreabosia/Library/Java/Extensions:/Library/Java/Extensions:/Network/Library/Java/Extensions:/System/Library/Java/Extensions:/usr/lib/java:."/>
    <property name="java.vm.info" value="mixed mode, sharing"/>
    <property name="java.vendor" value="Oracle Corporation"/>
    <property name="java.vm.version" value="13+33"/>
    <property name="sun.io.unicode.encoding" value="UnicodeBig"/>
    <property name="java.class.version" value="57.0"/>
  </properties>
  <testcase name="checkPossibleMoveTest" classname="it.polimi.ingsw.Server.Model.Decorator.PowerfullMove.SwapTest" time="0">
    <error type="java.lang.NullPointerException">java.lang.NullPointerException
	at it.polimi.ingsw.Server.Model.Decorator.PowerfullMove.SwapTest.sceneOfGame(SwapTest.java:19)
	at it.polimi.ingsw.Server.Model.Decorator.PowerfullMove.SwapTest.checkPossibleMoveTest(SwapTest.java:49)
</error>
  </testcase>
  <testcase name="calculateMoveTest" classname="it.polimi.ingsw.Server.Model.Decorator.PowerfullMove.SwapTest" time="0">
    <error type="java.lang.NullPointerException">java.lang.NullPointerException
	at it.polimi.ingsw.Server.Model.Decorator.PowerfullMove.SwapTest.sceneOfGame(SwapTest.java:19)
	at it.polimi.ingsw.Server.Model.Decorator.PowerfullMove.SwapTest.calculateMoveTest(SwapTest.java:65)
</error>
  </testcase>
</testsuite>